<?xml version="1.0" encoding="UTF-8"?>
<!-- Generated by org.testng.reporters.JUnitXMLReporter -->
<testsuite ignored="0" hostname="Saptarshi" failures="1" tests="3" name="Error Validation Test" time="44.037" errors="0" timestamp="2024-08-02T16:52:31 IST">
  <testcase classname="SeleniumAutomation.Tests.ErrorValidationTest" name="LoginErrorValidation" time="1.422">
    <skipped/>
  </testcase> <!-- LoginErrorValidation -->
  <testcase classname="SeleniumAutomation.Tests.ErrorValidationTest" name="LoginErrorValidation" time="0.759">
    <failure type="java.lang.AssertionError" message="expected [Incorrect email or password.] but found [Incorrect  or password.]">
      <![CDATA[java.lang.AssertionError: expected [Incorrect email or password.] but found [Incorrect  or password.]
at SeleniumAutomation.Tests.ErrorValidationTest.LoginErrorValidation(ErrorValidationTest.java:22)
at java.base/java.util.ArrayList.forEach(ArrayList.java:1597)
at java.base/java.util.concurrent.FutureTask.run(FutureTask.java:317)
at java.base/java.util.concurrent.ThreadPoolExecutor.runWorker(ThreadPoolExecutor.java:1144)
at java.base/java.util.concurrent.ThreadPoolExecutor$Worker.run(ThreadPoolExecutor.java:642)
at java.base/java.lang.Thread.run(Thread.java:1570)
... Removed 22 stack frames]]>
    </failure>
  </testcase> <!-- LoginErrorValidation -->
  <testcase classname="SeleniumAutomation.Tests.ErrorValidationTest" name="ProductErrorValidation" time="3.122"/>
</testsuite> <!-- Error Validation Test -->
